{"C:\\Kaushik\\Youtube-Clone\\src\\App.jsx": {"path":"C:\\Kaushik\\Youtube-Clone\\src\\App.jsx","statementMap":{"0":{"start":{"line":7,"column":12},"end":{"line":18,"column":null}},"1":{"start":{"line":8,"column":28},"end":{"line":8,"column":null}},"2":{"start":{"line":9,"column":2},"end":{"line":16,"column":null}}},"fnMap":{"0":{"name":"(anonymous_0)","decl":{"start":{"line":7,"column":12},"end":{"line":7,"column":18}},"loc":{"start":{"line":7,"column":18},"end":{"line":18,"column":null}},"line":7}},"branchMap":{},"s":{"0":1,"1":1,"2":1},"f":{"0":1},"b":{},"meta":{"lastBranch":0,"lastFunction":1,"lastStatement":3,"seen":{"s:7:12:18:Infinity":0,"f:7:12:7:18":0,"s:8:28:8:Infinity":1,"s:9:2:16:Infinity":2},"fnNames":{}}}
,"C:\\Kaushik\\Youtube-Clone\\src\\data.js": {"path":"C:\\Kaushik\\Youtube-Clone\\src\\data.js","statementMap":{"0":{"start":{"line":1,"column":23},"end":{"line":1,"column":64}},"1":{"start":{"line":3,"column":31},"end":{"line":12,"column":null}},"2":{"start":{"line":4,"column":4},"end":{"line":11,"column":5}},"3":{"start":{"line":5,"column":8},"end":{"line":5,"column":49}},"4":{"start":{"line":6,"column":11},"end":{"line":11,"column":5}},"5":{"start":{"line":7,"column":8},"end":{"line":7,"column":46}},"6":{"start":{"line":10,"column":8},"end":{"line":10,"column":20}}},"fnMap":{"0":{"name":"(anonymous_0)","decl":{"start":{"line":3,"column":31},"end":{"line":3,"column":32}},"loc":{"start":{"line":3,"column":42},"end":{"line":12,"column":null}},"line":3}},"branchMap":{"0":{"loc":{"start":{"line":4,"column":4},"end":{"line":11,"column":5}},"type":"if","locations":[{"start":{"line":4,"column":4},"end":{"line":11,"column":5}},{"start":{"line":6,"column":11},"end":{"line":11,"column":5}}],"line":4},"1":{"loc":{"start":{"line":6,"column":11},"end":{"line":11,"column":5}},"type":"if","locations":[{"start":{"line":6,"column":11},"end":{"line":11,"column":5}},{"start":{"line":9,"column":9},"end":{"line":11,"column":5}}],"line":6}},"s":{"0":1,"1":1,"2":0,"3":0,"4":0,"5":0,"6":0},"f":{"0":0},"b":{"0":[0,0],"1":[0,0]},"meta":{"lastBranch":2,"lastFunction":1,"lastStatement":7,"seen":{"s:1:23:1:64":0,"s:3:31:12:Infinity":1,"f:3:31:3:32":0,"b:4:4:11:5:6:11:11:5":0,"s:4:4:11:5":2,"s:5:8:5:49":3,"b:6:11:11:5:9:9:11:5":1,"s:6:11:11:5":4,"s:7:8:7:46":5,"s:10:8:10:20":6},"fnNames":{}}}
,"C:\\Kaushik\\Youtube-Clone\\src\\Components\\Feed\\Feed.css": {"path":"C:\\Kaushik\\Youtube-Clone\\src\\Components\\Feed\\Feed.css","statementMap":{},"fnMap":{},"branchMap":{},"s":{},"f":{},"b":{},"meta":{"lastBranch":0,"lastFunction":0,"lastStatement":0,"seen":{},"fnNames":{}}}
,"C:\\Kaushik\\Youtube-Clone\\src\\Components\\Feed\\Feed.jsx": {"path":"C:\\Kaushik\\Youtube-Clone\\src\\Components\\Feed\\Feed.jsx","statementMap":{"0":{"start":{"line":7,"column":13},"end":{"line":34,"column":null}},"1":{"start":{"line":8,"column":22},"end":{"line":8,"column":null}},"2":{"start":{"line":9,"column":20},"end":{"line":14,"column":null}},"3":{"start":{"line":10,"column":26},"end":{"line":10,"column":null}},"4":{"start":{"line":11,"column":4},"end":{"line":13,"column":null}},"5":{"start":{"line":12,"column":26},"end":{"line":12,"column":41}},"6":{"start":{"line":13,"column":22},"end":{"line":13,"column":41}},"7":{"start":{"line":15,"column":2},"end":{"line":17,"column":null}},"8":{"start":{"line":16,"column":4},"end":{"line":16,"column":null}},"9":{"start":{"line":18,"column":2},"end":{"line":32,"column":null}},"10":{"start":{"line":21,"column":8},"end":{"line":29,"column":null}}},"fnMap":{"0":{"name":"(anonymous_0)","decl":{"start":{"line":7,"column":13},"end":{"line":7,"column":14}},"loc":{"start":{"line":7,"column":31},"end":{"line":34,"column":null}},"line":7},"1":{"name":"(anonymous_1)","decl":{"start":{"line":9,"column":20},"end":{"line":9,"column":32}},"loc":{"start":{"line":9,"column":32},"end":{"line":14,"column":null}},"line":9},"2":{"name":"(anonymous_2)","decl":{"start":{"line":12,"column":12},"end":{"line":12,"column":13}},"loc":{"start":{"line":12,"column":26},"end":{"line":12,"column":41}},"line":12},"3":{"name":"(anonymous_3)","decl":{"start":{"line":13,"column":12},"end":{"line":13,"column":13}},"loc":{"start":{"line":13,"column":22},"end":{"line":13,"column":41}},"line":13},"4":{"name":"(anonymous_4)","decl":{"start":{"line":15,"column":12},"end":{"line":15,"column":18}},"loc":{"start":{"line":15,"column":18},"end":{"line":17,"column":5}},"line":15},"5":{"name":"(anonymous_5)","decl":{"start":{"line":20,"column":16},"end":{"line":20,"column":17}},"loc":{"start":{"line":20,"column":33},"end":{"line":31,"column":7}},"line":20}},"branchMap":{},"s":{"0":1,"1":1,"2":1,"3":1,"4":1,"5":0,"6":0,"7":1,"8":1,"9":1,"10":0},"f":{"0":1,"1":1,"2":0,"3":0,"4":1,"5":0},"b":{},"meta":{"lastBranch":0,"lastFunction":6,"lastStatement":11,"seen":{"s:7:13:34:Infinity":0,"f:7:13:7:14":0,"s:8:22:8:Infinity":1,"s:9:20:14:Infinity":2,"f:9:20:9:32":1,"s:10:26:10:Infinity":3,"s:11:4:13:Infinity":4,"f:12:12:12:13":2,"s:12:26:12:41":5,"f:13:12:13:13":3,"s:13:22:13:41":6,"s:15:2:17:Infinity":7,"f:15:12:15:18":4,"s:16:4:16:Infinity":8,"s:18:2:32:Infinity":9,"f:20:16:20:17":5,"s:21:8:29:Infinity":10},"fnNames":{}}}
,"C:\\Kaushik\\Youtube-Clone\\src\\Components\\Navbar\\Navbar.css": {"path":"C:\\Kaushik\\Youtube-Clone\\src\\Components\\Navbar\\Navbar.css","statementMap":{},"fnMap":{},"branchMap":{},"s":{},"f":{},"b":{},"meta":{"lastBranch":0,"lastFunction":0,"lastStatement":0,"seen":{},"fnNames":{}}}
,"C:\\Kaushik\\Youtube-Clone\\src\\Components\\Navbar\\Navbar.jsx": {"path":"C:\\Kaushik\\Youtube-Clone\\src\\Components\\Navbar\\Navbar.jsx","statementMap":{"0":{"start":{"line":12,"column":15},"end":{"line":38,"column":null}},"1":{"start":{"line":13,"column":2},"end":{"line":36,"column":null}},"2":{"start":{"line":20,"column":25},"end":{"line":20,"column":null}},"3":{"start":{"line":20,"column":47},"end":{"line":20,"column":77}}},"fnMap":{"0":{"name":"(anonymous_0)","decl":{"start":{"line":12,"column":15},"end":{"line":12,"column":16}},"loc":{"start":{"line":12,"column":35},"end":{"line":38,"column":null}},"line":12},"1":{"name":"(anonymous_1)","decl":{"start":{"line":20,"column":19},"end":{"line":20,"column":25}},"loc":{"start":{"line":20,"column":25},"end":{"line":20,"column":null}},"line":20},"2":{"name":"(anonymous_2)","decl":{"start":{"line":20,"column":36},"end":{"line":20,"column":37}},"loc":{"start":{"line":20,"column":47},"end":{"line":20,"column":77}},"line":20}},"branchMap":{"0":{"loc":{"start":{"line":20,"column":47},"end":{"line":20,"column":77}},"type":"cond-expr","locations":[{"start":{"line":20,"column":64},"end":{"line":20,"column":71}},{"start":{"line":20,"column":71},"end":{"line":20,"column":77}}],"line":20}},"s":{"0":1,"1":1,"2":0,"3":0},"f":{"0":1,"1":0,"2":0},"b":{"0":[0,0]},"meta":{"lastBranch":1,"lastFunction":3,"lastStatement":4,"seen":{"s:12:15:38:Infinity":0,"f:12:15:12:16":0,"s:13:2:36:Infinity":1,"f:20:19:20:25":1,"s:20:25:20:Infinity":2,"f:20:36:20:37":2,"s:20:47:20:77":3,"b:20:64:20:71:20:71:20:77":0},"fnNames":{}}}
,"C:\\Kaushik\\Youtube-Clone\\src\\Components\\PlayVideo\\PlayVideo.css": {"path":"C:\\Kaushik\\Youtube-Clone\\src\\Components\\PlayVideo\\PlayVideo.css","statementMap":{},"fnMap":{},"branchMap":{},"s":{},"f":{},"b":{},"meta":{"lastBranch":0,"lastFunction":0,"lastStatement":0,"seen":{},"fnNames":{}}}
,"C:\\Kaushik\\Youtube-Clone\\src\\Components\\PlayVideo\\PlayVideo.jsx": {"path":"C:\\Kaushik\\Youtube-Clone\\src\\Components\\PlayVideo\\PlayVideo.jsx","statementMap":{"0":{"start":{"line":12,"column":18},"end":{"line":138,"column":null}},"1":{"start":{"line":13,"column":18},"end":{"line":13,"column":null}},"2":{"start":{"line":14,"column":28},"end":{"line":14,"column":null}},"3":{"start":{"line":15,"column":36},"end":{"line":15,"column":null}},"4":{"start":{"line":16,"column":36},"end":{"line":16,"column":null}},"5":{"start":{"line":18,"column":25},"end":{"line":24,"column":null}},"6":{"start":{"line":20,"column":29},"end":{"line":20,"column":null}},"7":{"start":{"line":21,"column":4},"end":{"line":23,"column":null}},"8":{"start":{"line":22,"column":21},"end":{"line":22,"column":31}},"9":{"start":{"line":23,"column":22},"end":{"line":23,"column":47}},"10":{"start":{"line":26,"column":25},"end":{"line":39,"column":null}},"11":{"start":{"line":28,"column":28},"end":{"line":28,"column":null}},"12":{"start":{"line":29,"column":4},"end":{"line":31,"column":null}},"13":{"start":{"line":30,"column":21},"end":{"line":30,"column":31}},"14":{"start":{"line":31,"column":22},"end":{"line":31,"column":51}},"15":{"start":{"line":35,"column":24},"end":{"line":35,"column":null}},"16":{"start":{"line":36,"column":4},"end":{"line":38,"column":null}},"17":{"start":{"line":37,"column":21},"end":{"line":37,"column":31}},"18":{"start":{"line":38,"column":22},"end":{"line":38,"column":48}},"19":{"start":{"line":41,"column":2},"end":{"line":43,"column":null}},"20":{"start":{"line":42,"column":4},"end":{"line":42,"column":null}},"21":{"start":{"line":45,"column":2},"end":{"line":47,"column":null}},"22":{"start":{"line":46,"column":4},"end":{"line":46,"column":null}},"23":{"start":{"line":49,"column":2},"end":{"line":136,"column":null}},"24":{"start":{"line":110,"column":10},"end":{"line":132,"column":null}}},"fnMap":{"0":{"name":"(anonymous_0)","decl":{"start":{"line":12,"column":18},"end":{"line":12,"column":24}},"loc":{"start":{"line":12,"column":24},"end":{"line":138,"column":null}},"line":12},"1":{"name":"(anonymous_1)","decl":{"start":{"line":18,"column":25},"end":{"line":18,"column":37}},"loc":{"start":{"line":18,"column":37},"end":{"line":24,"column":null}},"line":18},"2":{"name":"(anonymous_2)","decl":{"start":{"line":22,"column":12},"end":{"line":22,"column":13}},"loc":{"start":{"line":22,"column":21},"end":{"line":22,"column":31}},"line":22},"3":{"name":"(anonymous_3)","decl":{"start":{"line":23,"column":12},"end":{"line":23,"column":13}},"loc":{"start":{"line":23,"column":22},"end":{"line":23,"column":47}},"line":23},"4":{"name":"(anonymous_4)","decl":{"start":{"line":26,"column":25},"end":{"line":26,"column":37}},"loc":{"start":{"line":26,"column":37},"end":{"line":39,"column":null}},"line":26},"5":{"name":"(anonymous_5)","decl":{"start":{"line":30,"column":12},"end":{"line":30,"column":13}},"loc":{"start":{"line":30,"column":21},"end":{"line":30,"column":31}},"line":30},"6":{"name":"(anonymous_6)","decl":{"start":{"line":31,"column":12},"end":{"line":31,"column":13}},"loc":{"start":{"line":31,"column":22},"end":{"line":31,"column":51}},"line":31},"7":{"name":"(anonymous_7)","decl":{"start":{"line":37,"column":12},"end":{"line":37,"column":13}},"loc":{"start":{"line":37,"column":21},"end":{"line":37,"column":31}},"line":37},"8":{"name":"(anonymous_8)","decl":{"start":{"line":38,"column":12},"end":{"line":38,"column":13}},"loc":{"start":{"line":38,"column":22},"end":{"line":38,"column":48}},"line":38},"9":{"name":"(anonymous_9)","decl":{"start":{"line":41,"column":12},"end":{"line":41,"column":18}},"loc":{"start":{"line":41,"column":18},"end":{"line":43,"column":5}},"line":41},"10":{"name":"(anonymous_10)","decl":{"start":{"line":45,"column":12},"end":{"line":45,"column":18}},"loc":{"start":{"line":45,"column":18},"end":{"line":47,"column":5}},"line":45},"11":{"name":"(anonymous_11)","decl":{"start":{"line":109,"column":25},"end":{"line":109,"column":26}},"loc":{"start":{"line":109,"column":42},"end":{"line":134,"column":9}},"line":109}},"branchMap":{"0":{"loc":{"start":{"line":59,"column":11},"end":{"line":59,"column":58}},"type":"cond-expr","locations":[{"start":{"line":59,"column":21},"end":{"line":59,"column":45}},{"start":{"line":59,"column":45},"end":{"line":59,"column":58}}],"line":59},"1":{"loc":{"start":{"line":62,"column":11},"end":{"line":62,"column":73}},"type":"cond-expr","locations":[{"start":{"line":62,"column":11},"end":{"line":62,"column":69}},{"start":{"line":62,"column":69},"end":{"line":62,"column":73}}],"line":62},"2":{"loc":{"start":{"line":63,"column":18},"end":{"line":63,"column":null}},"type":"cond-expr","locations":[{"start":{"line":63,"column":18},"end":{"line":63,"column":76}},{"start":{"line":63,"column":76},"end":{"line":63,"column":null}}],"line":63},"3":{"loc":{"start":{"line":68,"column":13},"end":{"line":68,"column":null}},"type":"cond-expr","locations":[{"start":{"line":68,"column":13},"end":{"line":68,"column":71}},{"start":{"line":68,"column":71},"end":{"line":68,"column":null}}],"line":68},"4":{"loc":{"start":{"line":84,"column":15},"end":{"line":84,"column":null}},"type":"cond-expr","locations":[{"start":{"line":84,"column":29},"end":{"line":84,"column":74}},{"start":{"line":84,"column":74},"end":{"line":84,"column":null}}],"line":84},"5":{"loc":{"start":{"line":88,"column":14},"end":{"line":88,"column":75}},"type":"cond-expr","locations":[{"start":{"line":88,"column":24},"end":{"line":88,"column":55}},{"start":{"line":88,"column":55},"end":{"line":88,"column":75}}],"line":88},"6":{"loc":{"start":{"line":90,"column":13},"end":{"line":92,"column":21}},"type":"cond-expr","locations":[{"start":{"line":90,"column":13},"end":{"line":91,"column":null}},{"start":{"line":92,"column":16},"end":{"line":92,"column":21}}],"line":90},"7":{"loc":{"start":{"line":100,"column":11},"end":{"line":102,"column":null}},"type":"cond-expr","locations":[{"start":{"line":101,"column":14},"end":{"line":101,"column":null}},{"start":{"line":102,"column":14},"end":{"line":102,"column":null}}],"line":100},"8":{"loc":{"start":{"line":106,"column":11},"end":{"line":106,"column":77}},"type":"cond-expr","locations":[{"start":{"line":106,"column":11},"end":{"line":106,"column":72}},{"start":{"line":106,"column":72},"end":{"line":106,"column":77}}],"line":106}},"s":{"0":1,"1":0,"2":0,"3":0,"4":0,"5":0,"6":0,"7":0,"8":0,"9":0,"10":0,"11":0,"12":0,"13":0,"14":0,"15":0,"16":0,"17":0,"18":0,"19":0,"20":0,"21":0,"22":0,"23":0,"24":0},"f":{"0":0,"1":0,"2":0,"3":0,"4":0,"5":0,"6":0,"7":0,"8":0,"9":0,"10":0,"11":0},"b":{"0":[0,0],"1":[0,0],"2":[0,0],"3":[0,0],"4":[0,0],"5":[0,0],"6":[0,0],"7":[0,0],"8":[0,0]},"meta":{"lastBranch":9,"lastFunction":12,"lastStatement":25,"seen":{"s:12:18:138:Infinity":0,"f:12:18:12:24":0,"s:13:18:13:Infinity":1,"s:14:28:14:Infinity":2,"s:15:36:15:Infinity":3,"s:16:36:16:Infinity":4,"s:18:25:24:Infinity":5,"f:18:25:18:37":1,"s:20:29:20:Infinity":6,"s:21:4:23:Infinity":7,"f:22:12:22:13":2,"s:22:21:22:31":8,"f:23:12:23:13":3,"s:23:22:23:47":9,"s:26:25:39:Infinity":10,"f:26:25:26:37":4,"s:28:28:28:Infinity":11,"s:29:4:31:Infinity":12,"f:30:12:30:13":5,"s:30:21:30:31":13,"f:31:12:31:13":6,"s:31:22:31:51":14,"s:35:24:35:Infinity":15,"s:36:4:38:Infinity":16,"f:37:12:37:13":7,"s:37:21:37:31":17,"f:38:12:38:13":8,"s:38:22:38:48":18,"s:41:2:43:Infinity":19,"f:41:12:41:18":9,"s:42:4:42:Infinity":20,"s:45:2:47:Infinity":21,"f:45:12:45:18":10,"s:46:4:46:Infinity":22,"s:49:2:136:Infinity":23,"b:59:21:59:45:59:45:59:58":0,"b:62:11:62:69:62:69:62:73":1,"b:63:18:63:76:63:76:63:Infinity":2,"b:68:13:68:71:68:71:68:Infinity":3,"b:84:29:84:74:84:74:84:Infinity":4,"b:88:24:88:55:88:55:88:75":5,"b:90:13:91:Infinity:92:16:92:21":6,"b:101:14:101:Infinity:102:14:102:Infinity":7,"b:106:11:106:72:106:72:106:77":8,"f:109:25:109:26":11,"s:110:10:132:Infinity":24},"fnNames":{}}}
,"C:\\Kaushik\\Youtube-Clone\\src\\Components\\Recommended\\Recommended.css": {"path":"C:\\Kaushik\\Youtube-Clone\\src\\Components\\Recommended\\Recommended.css","statementMap":{},"fnMap":{},"branchMap":{},"s":{},"f":{},"b":{},"meta":{"lastBranch":0,"lastFunction":0,"lastStatement":0,"seen":{},"fnNames":{}}}
,"C:\\Kaushik\\Youtube-Clone\\src\\Components\\Recommended\\Recommended.jsx": {"path":"C:\\Kaushik\\Youtube-Clone\\src\\Components\\Recommended\\Recommended.jsx","statementMap":{"0":{"start":{"line":6,"column":20},"end":{"line":38,"column":null}},"1":{"start":{"line":7,"column":28},"end":{"line":7,"column":null}},"2":{"start":{"line":9,"column":20},"end":{"line":14,"column":null}},"3":{"start":{"line":10,"column":30},"end":{"line":10,"column":null}},"4":{"start":{"line":11,"column":4},"end":{"line":13,"column":null}},"5":{"start":{"line":12,"column":21},"end":{"line":12,"column":31}},"6":{"start":{"line":13,"column":22},"end":{"line":13,"column":44}},"7":{"start":{"line":16,"column":2},"end":{"line":18,"column":null}},"8":{"start":{"line":17,"column":4},"end":{"line":17,"column":null}},"9":{"start":{"line":20,"column":2},"end":{"line":36,"column":null}},"10":{"start":{"line":23,"column":8},"end":{"line":33,"column":null}}},"fnMap":{"0":{"name":"(anonymous_0)","decl":{"start":{"line":6,"column":20},"end":{"line":6,"column":21}},"loc":{"start":{"line":6,"column":40},"end":{"line":38,"column":null}},"line":6},"1":{"name":"(anonymous_1)","decl":{"start":{"line":9,"column":20},"end":{"line":9,"column":32}},"loc":{"start":{"line":9,"column":32},"end":{"line":14,"column":null}},"line":9},"2":{"name":"(anonymous_2)","decl":{"start":{"line":12,"column":12},"end":{"line":12,"column":13}},"loc":{"start":{"line":12,"column":21},"end":{"line":12,"column":31}},"line":12},"3":{"name":"(anonymous_3)","decl":{"start":{"line":13,"column":12},"end":{"line":13,"column":13}},"loc":{"start":{"line":13,"column":22},"end":{"line":13,"column":44}},"line":13},"4":{"name":"(anonymous_4)","decl":{"start":{"line":16,"column":12},"end":{"line":16,"column":18}},"loc":{"start":{"line":16,"column":18},"end":{"line":18,"column":5}},"line":16},"5":{"name":"(anonymous_5)","decl":{"start":{"line":22,"column":19},"end":{"line":22,"column":20}},"loc":{"start":{"line":22,"column":36},"end":{"line":35,"column":7}},"line":22}},"branchMap":{},"s":{"0":1,"1":0,"2":0,"3":0,"4":0,"5":0,"6":0,"7":0,"8":0,"9":0,"10":0},"f":{"0":0,"1":0,"2":0,"3":0,"4":0,"5":0},"b":{},"meta":{"lastBranch":0,"lastFunction":6,"lastStatement":11,"seen":{"s:6:20:38:Infinity":0,"f:6:20:6:21":0,"s:7:28:7:Infinity":1,"s:9:20:14:Infinity":2,"f:9:20:9:32":1,"s:10:30:10:Infinity":3,"s:11:4:13:Infinity":4,"f:12:12:12:13":2,"s:12:21:12:31":5,"f:13:12:13:13":3,"s:13:22:13:44":6,"s:16:2:18:Infinity":7,"f:16:12:16:18":4,"s:17:4:17:Infinity":8,"s:20:2:36:Infinity":9,"f:22:19:22:20":5,"s:23:8:33:Infinity":10},"fnNames":{}}}
,"C:\\Kaushik\\Youtube-Clone\\src\\Components\\Sidebar\\Sidebar.css": {"path":"C:\\Kaushik\\Youtube-Clone\\src\\Components\\Sidebar\\Sidebar.css","statementMap":{},"fnMap":{},"branchMap":{},"s":{},"f":{},"b":{},"meta":{"lastBranch":0,"lastFunction":0,"lastStatement":0,"seen":{},"fnNames":{}}}
,"C:\\Kaushik\\Youtube-Clone\\src\\Components\\Sidebar\\Sidebar.jsx": {"path":"C:\\Kaushik\\Youtube-Clone\\src\\Components\\Sidebar\\Sidebar.jsx","statementMap":{"0":{"start":{"line":18,"column":16},"end":{"line":69,"column":null}},"1":{"start":{"line":19,"column":2},"end":{"line":68,"column":null}},"2":{"start":{"line":21,"column":87},"end":{"line":21,"column":null}},"3":{"start":{"line":24,"column":87},"end":{"line":24,"column":null}},"4":{"start":{"line":27,"column":86},"end":{"line":27,"column":null}},"5":{"start":{"line":30,"column":87},"end":{"line":30,"column":null}},"6":{"start":{"line":33,"column":87},"end":{"line":33,"column":null}},"7":{"start":{"line":36,"column":87},"end":{"line":36,"column":null}},"8":{"start":{"line":39,"column":87},"end":{"line":39,"column":null}},"9":{"start":{"line":42,"column":87},"end":{"line":42,"column":null}},"10":{"start":{"line":45,"column":87},"end":{"line":45,"column":null}}},"fnMap":{"0":{"name":"(anonymous_0)","decl":{"start":{"line":18,"column":16},"end":{"line":18,"column":17}},"loc":{"start":{"line":18,"column":52},"end":{"line":69,"column":null}},"line":18},"1":{"name":"(anonymous_1)","decl":{"start":{"line":21,"column":81},"end":{"line":21,"column":87}},"loc":{"start":{"line":21,"column":87},"end":{"line":21,"column":null}},"line":21},"2":{"name":"(anonymous_2)","decl":{"start":{"line":24,"column":81},"end":{"line":24,"column":87}},"loc":{"start":{"line":24,"column":87},"end":{"line":24,"column":null}},"line":24},"3":{"name":"(anonymous_3)","decl":{"start":{"line":27,"column":80},"end":{"line":27,"column":86}},"loc":{"start":{"line":27,"column":86},"end":{"line":27,"column":null}},"line":27},"4":{"name":"(anonymous_4)","decl":{"start":{"line":30,"column":81},"end":{"line":30,"column":87}},"loc":{"start":{"line":30,"column":87},"end":{"line":30,"column":null}},"line":30},"5":{"name":"(anonymous_5)","decl":{"start":{"line":33,"column":81},"end":{"line":33,"column":87}},"loc":{"start":{"line":33,"column":87},"end":{"line":33,"column":null}},"line":33},"6":{"name":"(anonymous_6)","decl":{"start":{"line":36,"column":81},"end":{"line":36,"column":87}},"loc":{"start":{"line":36,"column":87},"end":{"line":36,"column":null}},"line":36},"7":{"name":"(anonymous_7)","decl":{"start":{"line":39,"column":81},"end":{"line":39,"column":87}},"loc":{"start":{"line":39,"column":87},"end":{"line":39,"column":null}},"line":39},"8":{"name":"(anonymous_8)","decl":{"start":{"line":42,"column":81},"end":{"line":42,"column":87}},"loc":{"start":{"line":42,"column":87},"end":{"line":42,"column":null}},"line":42},"9":{"name":"(anonymous_9)","decl":{"start":{"line":45,"column":81},"end":{"line":45,"column":87}},"loc":{"start":{"line":45,"column":87},"end":{"line":45,"column":null}},"line":45}},"branchMap":{"0":{"loc":{"start":{"line":19,"column":36},"end":{"line":19,"column":66}},"type":"cond-expr","locations":[{"start":{"line":19,"column":46},"end":{"line":19,"column":51}},{"start":{"line":19,"column":51},"end":{"line":19,"column":66}}],"line":19},"1":{"loc":{"start":{"line":21,"column":37},"end":{"line":21,"column":67}},"type":"cond-expr","locations":[{"start":{"line":21,"column":54},"end":{"line":21,"column":65}},{"start":{"line":21,"column":65},"end":{"line":21,"column":67}}],"line":21},"2":{"loc":{"start":{"line":24,"column":37},"end":{"line":24,"column":68}},"type":"cond-expr","locations":[{"start":{"line":24,"column":55},"end":{"line":24,"column":66}},{"start":{"line":24,"column":66},"end":{"line":24,"column":68}}],"line":24},"3":{"loc":{"start":{"line":27,"column":37},"end":{"line":27,"column":67}},"type":"cond-expr","locations":[{"start":{"line":27,"column":54},"end":{"line":27,"column":65}},{"start":{"line":27,"column":65},"end":{"line":27,"column":67}}],"line":27},"4":{"loc":{"start":{"line":30,"column":37},"end":{"line":30,"column":68}},"type":"cond-expr","locations":[{"start":{"line":30,"column":55},"end":{"line":30,"column":66}},{"start":{"line":30,"column":66},"end":{"line":30,"column":68}}],"line":30},"5":{"loc":{"start":{"line":33,"column":37},"end":{"line":33,"column":68}},"type":"cond-expr","locations":[{"start":{"line":33,"column":55},"end":{"line":33,"column":66}},{"start":{"line":33,"column":66},"end":{"line":33,"column":68}}],"line":33},"6":{"loc":{"start":{"line":36,"column":37},"end":{"line":36,"column":68}},"type":"cond-expr","locations":[{"start":{"line":36,"column":55},"end":{"line":36,"column":66}},{"start":{"line":36,"column":66},"end":{"line":36,"column":68}}],"line":36},"7":{"loc":{"start":{"line":39,"column":37},"end":{"line":39,"column":68}},"type":"cond-expr","locations":[{"start":{"line":39,"column":55},"end":{"line":39,"column":66}},{"start":{"line":39,"column":66},"end":{"line":39,"column":68}}],"line":39},"8":{"loc":{"start":{"line":42,"column":37},"end":{"line":42,"column":68}},"type":"cond-expr","locations":[{"start":{"line":42,"column":55},"end":{"line":42,"column":66}},{"start":{"line":42,"column":66},"end":{"line":42,"column":68}}],"line":42},"9":{"loc":{"start":{"line":45,"column":37},"end":{"line":45,"column":68}},"type":"cond-expr","locations":[{"start":{"line":45,"column":55},"end":{"line":45,"column":66}},{"start":{"line":45,"column":66},"end":{"line":45,"column":68}}],"line":45}},"s":{"0":1,"1":1,"2":0,"3":0,"4":0,"5":0,"6":0,"7":0,"8":0,"9":0,"10":0},"f":{"0":1,"1":0,"2":0,"3":0,"4":0,"5":0,"6":0,"7":0,"8":0,"9":0},"b":{"0":[1,0],"1":[1,0],"2":[0,1],"3":[0,1],"4":[0,1],"5":[0,1],"6":[0,1],"7":[0,1],"8":[0,1],"9":[0,1]},"meta":{"lastBranch":10,"lastFunction":10,"lastStatement":11,"seen":{"s:18:16:69:Infinity":0,"f:18:16:18:17":0,"s:19:2:68:Infinity":1,"b:19:46:19:51:19:51:19:66":0,"b:21:54:21:65:21:65:21:67":1,"f:21:81:21:87":1,"s:21:87:21:Infinity":2,"b:24:55:24:66:24:66:24:68":2,"f:24:81:24:87":2,"s:24:87:24:Infinity":3,"b:27:54:27:65:27:65:27:67":3,"f:27:80:27:86":3,"s:27:86:27:Infinity":4,"b:30:55:30:66:30:66:30:68":4,"f:30:81:30:87":4,"s:30:87:30:Infinity":5,"b:33:55:33:66:33:66:33:68":5,"f:33:81:33:87":5,"s:33:87:33:Infinity":6,"b:36:55:36:66:36:66:36:68":6,"f:36:81:36:87":6,"s:36:87:36:Infinity":7,"b:39:55:39:66:39:66:39:68":7,"f:39:81:39:87":7,"s:39:87:39:Infinity":8,"b:42:55:42:66:42:66:42:68":8,"f:42:81:42:87":8,"s:42:87:42:Infinity":9,"b:45:55:45:66:45:66:45:68":9,"f:45:81:45:87":9,"s:45:87:45:Infinity":10},"fnNames":{}}}
,"C:\\Kaushik\\Youtube-Clone\\src\\Pages\\Home\\Home.css": {"path":"C:\\Kaushik\\Youtube-Clone\\src\\Pages\\Home\\Home.css","statementMap":{},"fnMap":{},"branchMap":{},"s":{},"f":{},"b":{},"meta":{"lastBranch":0,"lastFunction":0,"lastStatement":0,"seen":{},"fnNames":{}}}
,"C:\\Kaushik\\Youtube-Clone\\src\\Pages\\Home\\Home.jsx": {"path":"C:\\Kaushik\\Youtube-Clone\\src\\Pages\\Home\\Home.jsx","statementMap":{"0":{"start":{"line":6,"column":13},"end":{"line":16,"column":null}},"1":{"start":{"line":7,"column":30},"end":{"line":7,"column":null}},"2":{"start":{"line":8,"column":2},"end":{"line":14,"column":null}}},"fnMap":{"0":{"name":"(anonymous_0)","decl":{"start":{"line":6,"column":13},"end":{"line":6,"column":14}},"loc":{"start":{"line":6,"column":30},"end":{"line":16,"column":null}},"line":6}},"branchMap":{"0":{"loc":{"start":{"line":11,"column":35},"end":{"line":11,"column":67}},"type":"cond-expr","locations":[{"start":{"line":11,"column":45},"end":{"line":11,"column":50}},{"start":{"line":11,"column":50},"end":{"line":11,"column":67}}],"line":11}},"s":{"0":1,"1":1,"2":1},"f":{"0":1},"b":{"0":[1,0]},"meta":{"lastBranch":1,"lastFunction":1,"lastStatement":3,"seen":{"s:6:13:16:Infinity":0,"f:6:13:6:14":0,"s:7:30:7:Infinity":1,"s:8:2:14:Infinity":2,"b:11:45:11:50:11:50:11:67":0},"fnNames":{}}}
,"C:\\Kaushik\\Youtube-Clone\\src\\Pages\\Video\\Video.css": {"path":"C:\\Kaushik\\Youtube-Clone\\src\\Pages\\Video\\Video.css","statementMap":{},"fnMap":{},"branchMap":{},"s":{},"f":{},"b":{},"meta":{"lastBranch":0,"lastFunction":0,"lastStatement":0,"seen":{},"fnNames":{}}}
,"C:\\Kaushik\\Youtube-Clone\\src\\Pages\\Video\\Video.jsx": {"path":"C:\\Kaushik\\Youtube-Clone\\src\\Pages\\Video\\Video.jsx","statementMap":{"0":{"start":{"line":7,"column":14},"end":{"line":15,"column":null}},"1":{"start":{"line":8,"column":30},"end":{"line":8,"column":null}},"2":{"start":{"line":9,"column":2},"end":{"line":13,"column":null}}},"fnMap":{"0":{"name":"(anonymous_0)","decl":{"start":{"line":7,"column":14},"end":{"line":7,"column":20}},"loc":{"start":{"line":7,"column":20},"end":{"line":15,"column":null}},"line":7}},"branchMap":{},"s":{"0":1,"1":0,"2":0},"f":{"0":0},"b":{},"meta":{"lastBranch":0,"lastFunction":1,"lastStatement":3,"seen":{"s:7:14:15:Infinity":0,"f:7:14:7:20":0,"s:8:30:8:Infinity":1,"s:9:2:13:Infinity":2},"fnNames":{}}}
,"C:\\Kaushik\\Youtube-Clone\\src\\assets\\automobiles.png": {"path":"C:\\Kaushik\\Youtube-Clone\\src\\assets\\automobiles.png","statementMap":{},"fnMap":{},"branchMap":{},"s":{},"f":{},"b":{},"meta":{"lastBranch":0,"lastFunction":0,"lastStatement":0,"seen":{},"fnNames":{}}}
,"C:\\Kaushik\\Youtube-Clone\\src\\assets\\blogs.png": {"path":"C:\\Kaushik\\Youtube-Clone\\src\\assets\\blogs.png","statementMap":{},"fnMap":{},"branchMap":{},"s":{},"f":{},"b":{},"meta":{"lastBranch":0,"lastFunction":0,"lastStatement":0,"seen":{},"fnNames":{}}}
,"C:\\Kaushik\\Youtube-Clone\\src\\assets\\cameron.png": {"path":"C:\\Kaushik\\Youtube-Clone\\src\\assets\\cameron.png","statementMap":{},"fnMap":{},"branchMap":{},"s":{},"f":{},"b":{},"meta":{"lastBranch":0,"lastFunction":0,"lastStatement":0,"seen":{},"fnNames":{}}}
,"C:\\Kaushik\\Youtube-Clone\\src\\assets\\dislike.png": {"path":"C:\\Kaushik\\Youtube-Clone\\src\\assets\\dislike.png","statementMap":{},"fnMap":{},"branchMap":{},"s":{},"f":{},"b":{},"meta":{"lastBranch":0,"lastFunction":0,"lastStatement":0,"seen":{},"fnNames":{}}}
,"C:\\Kaushik\\Youtube-Clone\\src\\assets\\entertainment.png": {"path":"C:\\Kaushik\\Youtube-Clone\\src\\assets\\entertainment.png","statementMap":{},"fnMap":{},"branchMap":{},"s":{},"f":{},"b":{},"meta":{"lastBranch":0,"lastFunction":0,"lastStatement":0,"seen":{},"fnNames":{}}}
,"C:\\Kaushik\\Youtube-Clone\\src\\assets\\game_icon.png": {"path":"C:\\Kaushik\\Youtube-Clone\\src\\assets\\game_icon.png","statementMap":{},"fnMap":{},"branchMap":{},"s":{},"f":{},"b":{},"meta":{"lastBranch":0,"lastFunction":0,"lastStatement":0,"seen":{},"fnNames":{}}}
,"C:\\Kaushik\\Youtube-Clone\\src\\assets\\home.png": {"path":"C:\\Kaushik\\Youtube-Clone\\src\\assets\\home.png","statementMap":{},"fnMap":{},"branchMap":{},"s":{},"f":{},"b":{},"meta":{"lastBranch":0,"lastFunction":0,"lastStatement":0,"seen":{},"fnNames":{}}}
,"C:\\Kaushik\\Youtube-Clone\\src\\assets\\jack.png": {"path":"C:\\Kaushik\\Youtube-Clone\\src\\assets\\jack.png","statementMap":{},"fnMap":{},"branchMap":{},"s":{},"f":{},"b":{},"meta":{"lastBranch":0,"lastFunction":0,"lastStatement":0,"seen":{},"fnNames":{}}}
,"C:\\Kaushik\\Youtube-Clone\\src\\assets\\like.png": {"path":"C:\\Kaushik\\Youtube-Clone\\src\\assets\\like.png","statementMap":{},"fnMap":{},"branchMap":{},"s":{},"f":{},"b":{},"meta":{"lastBranch":0,"lastFunction":0,"lastStatement":0,"seen":{},"fnNames":{}}}
,"C:\\Kaushik\\Youtube-Clone\\src\\assets\\logo.png": {"path":"C:\\Kaushik\\Youtube-Clone\\src\\assets\\logo.png","statementMap":{},"fnMap":{},"branchMap":{},"s":{},"f":{},"b":{},"meta":{"lastBranch":0,"lastFunction":0,"lastStatement":0,"seen":{},"fnNames":{}}}
,"C:\\Kaushik\\Youtube-Clone\\src\\assets\\megan.png": {"path":"C:\\Kaushik\\Youtube-Clone\\src\\assets\\megan.png","statementMap":{},"fnMap":{},"branchMap":{},"s":{},"f":{},"b":{},"meta":{"lastBranch":0,"lastFunction":0,"lastStatement":0,"seen":{},"fnNames":{}}}
,"C:\\Kaushik\\Youtube-Clone\\src\\assets\\menu.png": {"path":"C:\\Kaushik\\Youtube-Clone\\src\\assets\\menu.png","statementMap":{},"fnMap":{},"branchMap":{},"s":{},"f":{},"b":{},"meta":{"lastBranch":0,"lastFunction":0,"lastStatement":0,"seen":{},"fnNames":{}}}
,"C:\\Kaushik\\Youtube-Clone\\src\\assets\\more.png": {"path":"C:\\Kaushik\\Youtube-Clone\\src\\assets\\more.png","statementMap":{},"fnMap":{},"branchMap":{},"s":{},"f":{},"b":{},"meta":{"lastBranch":0,"lastFunction":0,"lastStatement":0,"seen":{},"fnNames":{}}}
,"C:\\Kaushik\\Youtube-Clone\\src\\assets\\music.png": {"path":"C:\\Kaushik\\Youtube-Clone\\src\\assets\\music.png","statementMap":{},"fnMap":{},"branchMap":{},"s":{},"f":{},"b":{},"meta":{"lastBranch":0,"lastFunction":0,"lastStatement":0,"seen":{},"fnNames":{}}}
,"C:\\Kaushik\\Youtube-Clone\\src\\assets\\news.png": {"path":"C:\\Kaushik\\Youtube-Clone\\src\\assets\\news.png","statementMap":{},"fnMap":{},"branchMap":{},"s":{},"f":{},"b":{},"meta":{"lastBranch":0,"lastFunction":0,"lastStatement":0,"seen":{},"fnNames":{}}}
,"C:\\Kaushik\\Youtube-Clone\\src\\assets\\notification.png": {"path":"C:\\Kaushik\\Youtube-Clone\\src\\assets\\notification.png","statementMap":{},"fnMap":{},"branchMap":{},"s":{},"f":{},"b":{},"meta":{"lastBranch":0,"lastFunction":0,"lastStatement":0,"seen":{},"fnNames":{}}}
,"C:\\Kaushik\\Youtube-Clone\\src\\assets\\save.png": {"path":"C:\\Kaushik\\Youtube-Clone\\src\\assets\\save.png","statementMap":{},"fnMap":{},"branchMap":{},"s":{},"f":{},"b":{},"meta":{"lastBranch":0,"lastFunction":0,"lastStatement":0,"seen":{},"fnNames":{}}}
,"C:\\Kaushik\\Youtube-Clone\\src\\assets\\search.png": {"path":"C:\\Kaushik\\Youtube-Clone\\src\\assets\\search.png","statementMap":{},"fnMap":{},"branchMap":{},"s":{},"f":{},"b":{},"meta":{"lastBranch":0,"lastFunction":0,"lastStatement":0,"seen":{},"fnNames":{}}}
,"C:\\Kaushik\\Youtube-Clone\\src\\assets\\share.png": {"path":"C:\\Kaushik\\Youtube-Clone\\src\\assets\\share.png","statementMap":{},"fnMap":{},"branchMap":{},"s":{},"f":{},"b":{},"meta":{"lastBranch":0,"lastFunction":0,"lastStatement":0,"seen":{},"fnNames":{}}}
,"C:\\Kaushik\\Youtube-Clone\\src\\assets\\simon.png": {"path":"C:\\Kaushik\\Youtube-Clone\\src\\assets\\simon.png","statementMap":{},"fnMap":{},"branchMap":{},"s":{},"f":{},"b":{},"meta":{"lastBranch":0,"lastFunction":0,"lastStatement":0,"seen":{},"fnNames":{}}}
,"C:\\Kaushik\\Youtube-Clone\\src\\assets\\sports.png": {"path":"C:\\Kaushik\\Youtube-Clone\\src\\assets\\sports.png","statementMap":{},"fnMap":{},"branchMap":{},"s":{},"f":{},"b":{},"meta":{"lastBranch":0,"lastFunction":0,"lastStatement":0,"seen":{},"fnNames":{}}}
,"C:\\Kaushik\\Youtube-Clone\\src\\assets\\tech.png": {"path":"C:\\Kaushik\\Youtube-Clone\\src\\assets\\tech.png","statementMap":{},"fnMap":{},"branchMap":{},"s":{},"f":{},"b":{},"meta":{"lastBranch":0,"lastFunction":0,"lastStatement":0,"seen":{},"fnNames":{}}}
,"C:\\Kaushik\\Youtube-Clone\\src\\assets\\tom.png": {"path":"C:\\Kaushik\\Youtube-Clone\\src\\assets\\tom.png","statementMap":{},"fnMap":{},"branchMap":{},"s":{},"f":{},"b":{},"meta":{"lastBranch":0,"lastFunction":0,"lastStatement":0,"seen":{},"fnNames":{}}}
,"C:\\Kaushik\\Youtube-Clone\\src\\assets\\upload.png": {"path":"C:\\Kaushik\\Youtube-Clone\\src\\assets\\upload.png","statementMap":{},"fnMap":{},"branchMap":{},"s":{},"f":{},"b":{},"meta":{"lastBranch":0,"lastFunction":0,"lastStatement":0,"seen":{},"fnNames":{}}}
}
